<?xml version="1.0" encoding="UTF-8"?>
<testsuite xmlns:xsi="http://www.w3.org/2001/XMLSchema-instance" xsi:noNamespaceSchemaLocation="https://maven.apache.org/surefire/maven-surefire-plugin/xsd/surefire-test-report.xsd" name="com.example.camunda.CamundaApplicationTests" time="6.448" tests="1" errors="0" skipped="0" failures="0">
  <properties>
    <property name="gopherProxySet" value="false"/>
    <property name="awt.toolkit" value="sun.lwawt.macosx.LWCToolkit"/>
    <property name="java.specification.version" value="11"/>
    <property name="sun.cpu.isalist" value=""/>
    <property name="sun.jnu.encoding" value="UTF-8"/>
    <property name="java.class.path" value="/Users/denisc/Downloads/camunda/target/test-classes:/Users/denisc/Downloads/camunda/target/classes:/Users/denisc/.m2/repository/org/springframework/boot/spring-boot-starter/2.6.1/spring-boot-starter-2.6.1.jar:/Users/denisc/.m2/repository/org/springframework/boot/spring-boot/2.6.1/spring-boot-2.6.1.jar:/Users/denisc/.m2/repository/org/springframework/spring-context/5.3.13/spring-context-5.3.13.jar:/Users/denisc/.m2/repository/org/springframework/spring-aop/5.3.13/spring-aop-5.3.13.jar:/Users/denisc/.m2/repository/org/springframework/spring-beans/5.3.13/spring-beans-5.3.13.jar:/Users/denisc/.m2/repository/org/springframework/spring-expression/5.3.13/spring-expression-5.3.13.jar:/Users/denisc/.m2/repository/org/springframework/boot/spring-boot-autoconfigure/2.6.1/spring-boot-autoconfigure-2.6.1.jar:/Users/denisc/.m2/repository/org/springframework/boot/spring-boot-starter-logging/2.6.1/spring-boot-starter-logging-2.6.1.jar:/Users/denisc/.m2/repository/ch/qos/logback/logback-classic/1.2.7/logback-classic-1.2.7.jar:/Users/denisc/.m2/repository/ch/qos/logback/logback-core/1.2.7/logback-core-1.2.7.jar:/Users/denisc/.m2/repository/org/apache/logging/log4j/log4j-to-slf4j/2.14.1/log4j-to-slf4j-2.14.1.jar:/Users/denisc/.m2/repository/org/apache/logging/log4j/log4j-api/2.14.1/log4j-api-2.14.1.jar:/Users/denisc/.m2/repository/org/slf4j/jul-to-slf4j/1.7.32/jul-to-slf4j-1.7.32.jar:/Users/denisc/.m2/repository/jakarta/annotation/jakarta.annotation-api/1.3.5/jakarta.annotation-api-1.3.5.jar:/Users/denisc/.m2/repository/org/springframework/spring-core/5.3.13/spring-core-5.3.13.jar:/Users/denisc/.m2/repository/org/springframework/spring-jcl/5.3.13/spring-jcl-5.3.13.jar:/Users/denisc/.m2/repository/org/yaml/snakeyaml/1.29/snakeyaml-1.29.jar:/Users/denisc/.m2/repository/org/springframework/boot/spring-boot-starter-test/2.6.1/spring-boot-starter-test-2.6.1.jar:/Users/denisc/.m2/repository/org/springframework/boot/spring-boot-test/2.6.1/spring-boot-test-2.6.1.jar:/Users/denisc/.m2/repository/org/springframework/boot/spring-boot-test-autoconfigure/2.6.1/spring-boot-test-autoconfigure-2.6.1.jar:/Users/denisc/.m2/repository/com/jayway/jsonpath/json-path/2.6.0/json-path-2.6.0.jar:/Users/denisc/.m2/repository/net/minidev/json-smart/2.4.7/json-smart-2.4.7.jar:/Users/denisc/.m2/repository/net/minidev/accessors-smart/2.4.7/accessors-smart-2.4.7.jar:/Users/denisc/.m2/repository/org/ow2/asm/asm/9.1/asm-9.1.jar:/Users/denisc/.m2/repository/org/slf4j/slf4j-api/1.7.32/slf4j-api-1.7.32.jar:/Users/denisc/.m2/repository/jakarta/xml/bind/jakarta.xml.bind-api/2.3.3/jakarta.xml.bind-api-2.3.3.jar:/Users/denisc/.m2/repository/jakarta/activation/jakarta.activation-api/1.2.2/jakarta.activation-api-1.2.2.jar:/Users/denisc/.m2/repository/org/assertj/assertj-core/3.21.0/assertj-core-3.21.0.jar:/Users/denisc/.m2/repository/org/hamcrest/hamcrest/2.2/hamcrest-2.2.jar:/Users/denisc/.m2/repository/org/junit/jupiter/junit-jupiter/5.8.1/junit-jupiter-5.8.1.jar:/Users/denisc/.m2/repository/org/junit/jupiter/junit-jupiter-api/5.8.1/junit-jupiter-api-5.8.1.jar:/Users/denisc/.m2/repository/org/opentest4j/opentest4j/1.2.0/opentest4j-1.2.0.jar:/Users/denisc/.m2/repository/org/junit/platform/junit-platform-commons/1.8.1/junit-platform-commons-1.8.1.jar:/Users/denisc/.m2/repository/org/apiguardian/apiguardian-api/1.1.2/apiguardian-api-1.1.2.jar:/Users/denisc/.m2/repository/org/junit/jupiter/junit-jupiter-params/5.8.1/junit-jupiter-params-5.8.1.jar:/Users/denisc/.m2/repository/org/junit/jupiter/junit-jupiter-engine/5.8.1/junit-jupiter-engine-5.8.1.jar:/Users/denisc/.m2/repository/org/junit/platform/junit-platform-engine/1.8.1/junit-platform-engine-1.8.1.jar:/Users/denisc/.m2/repository/org/mockito/mockito-core/4.0.0/mockito-core-4.0.0.jar:/Users/denisc/.m2/repository/net/bytebuddy/byte-buddy/1.11.22/byte-buddy-1.11.22.jar:/Users/denisc/.m2/repository/net/bytebuddy/byte-buddy-agent/1.11.22/byte-buddy-agent-1.11.22.jar:/Users/denisc/.m2/repository/org/objenesis/objenesis/3.2/objenesis-3.2.jar:/Users/denisc/.m2/repository/org/mockito/mockito-junit-jupiter/4.0.0/mockito-junit-jupiter-4.0.0.jar:/Users/denisc/.m2/repository/org/skyscreamer/jsonassert/1.5.0/jsonassert-1.5.0.jar:/Users/denisc/.m2/repository/com/vaadin/external/google/android-json/0.0.20131108.vaadin1/android-json-0.0.20131108.vaadin1.jar:/Users/denisc/.m2/repository/org/springframework/spring-test/5.3.13/spring-test-5.3.13.jar:/Users/denisc/.m2/repository/org/xmlunit/xmlunit-core/2.8.3/xmlunit-core-2.8.3.jar:/Users/denisc/.m2/repository/org/camunda/bpm/springboot/camunda-bpm-spring-boot-starter-webapp/7.16.0/camunda-bpm-spring-boot-starter-webapp-7.16.0.jar:/Users/denisc/.m2/repository/org/camunda/bpm/springboot/camunda-bpm-spring-boot-starter-webapp-core/7.16.0/camunda-bpm-spring-boot-starter-webapp-core-7.16.0.jar:/Users/denisc/.m2/repository/org/camunda/bpm/springboot/camunda-bpm-spring-boot-starter/7.16.0/camunda-bpm-spring-boot-starter-7.16.0.jar:/Users/denisc/.m2/repository/org/camunda/bpm/camunda-engine-spring/7.16.0/camunda-engine-spring-7.16.0.jar:/Users/denisc/.m2/repository/org/camunda/bpm/camunda-engine/7.16.0/camunda-engine-7.16.0.jar:/Users/denisc/.m2/repository/org/camunda/bpm/model/camunda-bpmn-model/7.16.0/camunda-bpmn-model-7.16.0.jar:/Users/denisc/.m2/repository/org/camunda/bpm/model/camunda-xml-model/7.16.0/camunda-xml-model-7.16.0.jar:/Users/denisc/.m2/repository/org/camunda/bpm/model/camunda-cmmn-model/7.16.0/camunda-cmmn-model-7.16.0.jar:/Users/denisc/.m2/repository/org/camunda/bpm/dmn/camunda-engine-dmn/7.16.0/camunda-engine-dmn-7.16.0.jar:/Users/denisc/.m2/repository/org/camunda/commons/camunda-commons-utils/1.10.0/camunda-commons-utils-1.10.0.jar:/Users/denisc/.m2/repository/org/camunda/bpm/model/camunda-dmn-model/7.16.0/camunda-dmn-model-7.16.0.jar:/Users/denisc/.m2/repository/org/camunda/bpm/dmn/camunda-engine-feel-api/7.16.0/camunda-engine-feel-api-7.16.0.jar:/Users/denisc/.m2/repository/org/camunda/bpm/dmn/camunda-engine-feel-juel/7.16.0/camunda-engine-feel-juel-7.16.0.jar:/Users/denisc/.m2/repository/org/camunda/bpm/dmn/camunda-engine-feel-scala/7.16.0/camunda-engine-feel-scala-7.16.0.jar:/Users/denisc/.m2/repository/org/camunda/feel/feel-engine/1.13.1/feel-engine-1.13.1-scala-shaded.jar:/Users/denisc/.m2/repository/org/camunda/commons/camunda-commons-logging/1.10.0/camunda-commons-logging-1.10.0.jar:/Users/denisc/.m2/repository/org/camunda/commons/camunda-commons-typed-values/7.16.0/camunda-commons-typed-values-7.16.0.jar:/Users/denisc/.m2/repository/org/mybatis/mybatis/3.5.6/mybatis-3.5.6.jar:/Users/denisc/.m2/repository/joda-time/joda-time/2.1/joda-time-2.1.jar:/Users/denisc/.m2/repository/org/camunda/connect/camunda-connect-core/1.5.2/camunda-connect-core-1.5.2.jar:/Users/denisc/.m2/repository/org/camunda/connect/camunda-connect-connectors-all/1.5.2/camunda-connect-connectors-all-1.5.2.jar:/Users/denisc/.m2/repository/org/springframework/spring-jdbc/5.3.13/spring-jdbc-5.3.13.jar:/Users/denisc/.m2/repository/org/springframework/spring-tx/5.3.13/spring-tx-5.3.13.jar:/Users/denisc/.m2/repository/org/springframework/spring-orm/5.3.13/spring-orm-5.3.13.jar:/Users/denisc/.m2/repository/org/apache/commons/commons-lang3/3.12.0/commons-lang3-3.12.0.jar:/Users/denisc/.m2/repository/com/fasterxml/uuid/java-uuid-generator/3.2.0/java-uuid-generator-3.2.0.jar:/Users/denisc/.m2/repository/org/camunda/bpm/webapp/camunda-webapp/7.16.0/camunda-webapp-7.16.0-classes.jar:/Users/denisc/.m2/repository/org/camunda/bpm/camunda-engine-rest-jaxrs2/7.16.0/camunda-engine-rest-jaxrs2-7.16.0.jar:/Users/denisc/.m2/repository/commons-fileupload/commons-fileupload/1.4/commons-fileupload-1.4.jar:/Users/denisc/.m2/repository/commons-io/commons-io/2.8.0/commons-io-2.8.0.jar:/Users/denisc/.m2/repository/com/fasterxml/jackson/jaxrs/jackson-jaxrs-json-provider/2.13.0/jackson-jaxrs-json-provider-2.13.0.jar:/Users/denisc/.m2/repository/com/fasterxml/jackson/jaxrs/jackson-jaxrs-base/2.13.0/jackson-jaxrs-base-2.13.0.jar:/Users/denisc/.m2/repository/com/fasterxml/jackson/module/jackson-module-jaxb-annotations/2.13.0/jackson-module-jaxb-annotations-2.13.0.jar:/Users/denisc/.m2/repository/com/fasterxml/jackson/core/jackson-databind/2.13.0/jackson-databind-2.13.0.jar:/Users/denisc/.m2/repository/com/fasterxml/jackson/core/jackson-annotations/2.13.0/jackson-annotations-2.13.0.jar:/Users/denisc/.m2/repository/com/fasterxml/jackson/core/jackson-core/2.13.0/jackson-core-2.13.0.jar:/Users/denisc/.m2/repository/org/springframework/boot/spring-boot-starter-web/2.6.1/spring-boot-starter-web-2.6.1.jar:/Users/denisc/.m2/repository/org/springframework/boot/spring-boot-starter-json/2.6.1/spring-boot-starter-json-2.6.1.jar:/Users/denisc/.m2/repository/com/fasterxml/jackson/datatype/jackson-datatype-jdk8/2.13.0/jackson-datatype-jdk8-2.13.0.jar:/Users/denisc/.m2/repository/com/fasterxml/jackson/datatype/jackson-datatype-jsr310/2.13.0/jackson-datatype-jsr310-2.13.0.jar:/Users/denisc/.m2/repository/com/fasterxml/jackson/module/jackson-module-parameter-names/2.13.0/jackson-module-parameter-names-2.13.0.jar:/Users/denisc/.m2/repository/org/springframework/boot/spring-boot-starter-tomcat/2.6.1/spring-boot-starter-tomcat-2.6.1.jar:/Users/denisc/.m2/repository/org/apache/tomcat/embed/tomcat-embed-core/9.0.55/tomcat-embed-core-9.0.55.jar:/Users/denisc/.m2/repository/org/apache/tomcat/embed/tomcat-embed-el/9.0.55/tomcat-embed-el-9.0.55.jar:/Users/denisc/.m2/repository/org/apache/tomcat/embed/tomcat-embed-websocket/9.0.55/tomcat-embed-websocket-9.0.55.jar:/Users/denisc/.m2/repository/org/springframework/spring-web/5.3.13/spring-web-5.3.13.jar:/Users/denisc/.m2/repository/org/springframework/spring-webmvc/5.3.13/spring-webmvc-5.3.13.jar:/Users/denisc/.m2/repository/org/springframework/boot/spring-boot-starter-jersey/2.6.1/spring-boot-starter-jersey-2.6.1.jar:/Users/denisc/.m2/repository/org/springframework/boot/spring-boot-starter-validation/2.6.1/spring-boot-starter-validation-2.6.1.jar:/Users/denisc/.m2/repository/org/hibernate/validator/hibernate-validator/6.2.0.Final/hibernate-validator-6.2.0.Final.jar:/Users/denisc/.m2/repository/org/jboss/logging/jboss-logging/3.4.2.Final/jboss-logging-3.4.2.Final.jar:/Users/denisc/.m2/repository/com/fasterxml/classmate/1.5.1/classmate-1.5.1.jar:/Users/denisc/.m2/repository/org/glassfish/jersey/core/jersey-server/2.35/jersey-server-2.35.jar:/Users/denisc/.m2/repository/org/glassfish/jersey/core/jersey-common/2.35/jersey-common-2.35.jar:/Users/denisc/.m2/repository/org/glassfish/hk2/osgi-resource-locator/1.0.3/osgi-resource-locator-1.0.3.jar:/Users/denisc/.m2/repository/org/glassfish/jersey/core/jersey-client/2.35/jersey-client-2.35.jar:/Users/denisc/.m2/repository/jakarta/ws/rs/jakarta.ws.rs-api/2.1.6/jakarta.ws.rs-api-2.1.6.jar:/Users/denisc/.m2/repository/org/glassfish/hk2/external/jakarta.inject/2.6.1/jakarta.inject-2.6.1.jar:/Users/denisc/.m2/repository/jakarta/validation/jakarta.validation-api/2.0.2/jakarta.validation-api-2.0.2.jar:/Users/denisc/.m2/repository/org/glassfish/jersey/containers/jersey-container-servlet-core/2.35/jersey-container-servlet-core-2.35.jar:/Users/denisc/.m2/repository/org/glassfish/jersey/containers/jersey-container-servlet/2.35/jersey-container-servlet-2.35.jar:/Users/denisc/.m2/repository/org/glassfish/jersey/ext/jersey-bean-validation/2.35/jersey-bean-validation-2.35.jar:/Users/denisc/.m2/repository/org/glassfish/jersey/ext/jersey-spring5/2.35/jersey-spring5-2.35.jar:/Users/denisc/.m2/repository/org/glassfish/jersey/inject/jersey-hk2/2.35/jersey-hk2-2.35.jar:/Users/denisc/.m2/repository/org/glassfish/hk2/hk2-locator/2.6.1/hk2-locator-2.6.1.jar:/Users/denisc/.m2/repository/org/glassfish/hk2/external/aopalliance-repackaged/2.6.1/aopalliance-repackaged-2.6.1.jar:/Users/denisc/.m2/repository/org/javassist/javassist/3.25.0-GA/javassist-3.25.0-GA.jar:/Users/denisc/.m2/repository/org/glassfish/hk2/hk2/2.6.1/hk2-2.6.1.jar:/Users/denisc/.m2/repository/org/glassfish/hk2/hk2-utils/2.6.1/hk2-utils-2.6.1.jar:/Users/denisc/.m2/repository/org/glassfish/hk2/hk2-api/2.6.1/hk2-api-2.6.1.jar:/Users/denisc/.m2/repository/org/glassfish/hk2/hk2-core/2.6.1/hk2-core-2.6.1.jar:/Users/denisc/.m2/repository/org/glassfish/hk2/hk2-runlevel/2.6.1/hk2-runlevel-2.6.1.jar:/Users/denisc/.m2/repository/org/glassfish/hk2/class-model/2.6.1/class-model-2.6.1.jar:/Users/denisc/.m2/repository/org/ow2/asm/asm-analysis/7.1/asm-analysis-7.1.jar:/Users/denisc/.m2/repository/org/ow2/asm/asm-commons/7.1/asm-commons-7.1.jar:/Users/denisc/.m2/repository/org/ow2/asm/asm-tree/7.1/asm-tree-7.1.jar:/Users/denisc/.m2/repository/org/ow2/asm/asm-util/7.1/asm-util-7.1.jar:/Users/denisc/.m2/repository/org/glassfish/hk2/spring-bridge/2.6.1/spring-bridge-2.6.1.jar:/Users/denisc/.m2/repository/org/glassfish/jersey/media/jersey-media-json-jackson/2.35/jersey-media-json-jackson-2.35.jar:/Users/denisc/.m2/repository/org/glassfish/jersey/ext/jersey-entity-filtering/2.35/jersey-entity-filtering-2.35.jar:/Users/denisc/.m2/repository/org/camunda/bpm/webapp/camunda-webapp-webjar/7.16.0/camunda-webapp-webjar-7.16.0.jar:/Users/denisc/.m2/repository/com/h2database/h2/1.4.200/h2-1.4.200.jar:/Users/denisc/.m2/repository/com/sun/xml/bind/jaxb-impl/2.3.5/jaxb-impl-2.3.5.jar:/Users/denisc/.m2/repository/com/sun/activation/jakarta.activation/1.2.2/jakarta.activation-1.2.2.jar:"/>
    <property name="java.vm.vendor" value="Oracle Corporation"/>
    <property name="sun.arch.data.model" value="64"/>
    <property name="java.vendor.url" value="https://openjdk.java.net/"/>
    <property name="user.timezone" value=""/>
    <property name="java.vm.specification.version" value="11"/>
    <property name="os.name" value="Mac OS X"/>
    <property name="sun.java.launcher" value="SUN_STANDARD"/>
    <property name="user.country" value="NL"/>
    <property name="sun.boot.library.path" value="/usr/local/Cellar/openjdk@11/11.0.10/libexec/openjdk.jdk/Contents/Home/lib"/>
    <property name="sun.java.command" value="/Users/denisc/Downloads/camunda/target/surefire/surefirebooter17621571320054837051.jar /Users/denisc/Downloads/camunda/target/surefire 2021-12-02T18-03-14_702-jvmRun1 surefire1526689071328678914tmp surefire_08492163763346740134tmp"/>
    <property name="jdk.debug" value="release"/>
    <property name="surefire.test.class.path" value="/Users/denisc/Downloads/camunda/target/test-classes:/Users/denisc/Downloads/camunda/target/classes:/Users/denisc/.m2/repository/org/springframework/boot/spring-boot-starter/2.6.1/spring-boot-starter-2.6.1.jar:/Users/denisc/.m2/repository/org/springframework/boot/spring-boot/2.6.1/spring-boot-2.6.1.jar:/Users/denisc/.m2/repository/org/springframework/spring-context/5.3.13/spring-context-5.3.13.jar:/Users/denisc/.m2/repository/org/springframework/spring-aop/5.3.13/spring-aop-5.3.13.jar:/Users/denisc/.m2/repository/org/springframework/spring-beans/5.3.13/spring-beans-5.3.13.jar:/Users/denisc/.m2/repository/org/springframework/spring-expression/5.3.13/spring-expression-5.3.13.jar:/Users/denisc/.m2/repository/org/springframework/boot/spring-boot-autoconfigure/2.6.1/spring-boot-autoconfigure-2.6.1.jar:/Users/denisc/.m2/repository/org/springframework/boot/spring-boot-starter-logging/2.6.1/spring-boot-starter-logging-2.6.1.jar:/Users/denisc/.m2/repository/ch/qos/logback/logback-classic/1.2.7/logback-classic-1.2.7.jar:/Users/denisc/.m2/repository/ch/qos/logback/logback-core/1.2.7/logback-core-1.2.7.jar:/Users/denisc/.m2/repository/org/apache/logging/log4j/log4j-to-slf4j/2.14.1/log4j-to-slf4j-2.14.1.jar:/Users/denisc/.m2/repository/org/apache/logging/log4j/log4j-api/2.14.1/log4j-api-2.14.1.jar:/Users/denisc/.m2/repository/org/slf4j/jul-to-slf4j/1.7.32/jul-to-slf4j-1.7.32.jar:/Users/denisc/.m2/repository/jakarta/annotation/jakarta.annotation-api/1.3.5/jakarta.annotation-api-1.3.5.jar:/Users/denisc/.m2/repository/org/springframework/spring-core/5.3.13/spring-core-5.3.13.jar:/Users/denisc/.m2/repository/org/springframework/spring-jcl/5.3.13/spring-jcl-5.3.13.jar:/Users/denisc/.m2/repository/org/yaml/snakeyaml/1.29/snakeyaml-1.29.jar:/Users/denisc/.m2/repository/org/springframework/boot/spring-boot-starter-test/2.6.1/spring-boot-starter-test-2.6.1.jar:/Users/denisc/.m2/repository/org/springframework/boot/spring-boot-test/2.6.1/spring-boot-test-2.6.1.jar:/Users/denisc/.m2/repository/org/springframework/boot/spring-boot-test-autoconfigure/2.6.1/spring-boot-test-autoconfigure-2.6.1.jar:/Users/denisc/.m2/repository/com/jayway/jsonpath/json-path/2.6.0/json-path-2.6.0.jar:/Users/denisc/.m2/repository/net/minidev/json-smart/2.4.7/json-smart-2.4.7.jar:/Users/denisc/.m2/repository/net/minidev/accessors-smart/2.4.7/accessors-smart-2.4.7.jar:/Users/denisc/.m2/repository/org/ow2/asm/asm/9.1/asm-9.1.jar:/Users/denisc/.m2/repository/org/slf4j/slf4j-api/1.7.32/slf4j-api-1.7.32.jar:/Users/denisc/.m2/repository/jakarta/xml/bind/jakarta.xml.bind-api/2.3.3/jakarta.xml.bind-api-2.3.3.jar:/Users/denisc/.m2/repository/jakarta/activation/jakarta.activation-api/1.2.2/jakarta.activation-api-1.2.2.jar:/Users/denisc/.m2/repository/org/assertj/assertj-core/3.21.0/assertj-core-3.21.0.jar:/Users/denisc/.m2/repository/org/hamcrest/hamcrest/2.2/hamcrest-2.2.jar:/Users/denisc/.m2/repository/org/junit/jupiter/junit-jupiter/5.8.1/junit-jupiter-5.8.1.jar:/Users/denisc/.m2/repository/org/junit/jupiter/junit-jupiter-api/5.8.1/junit-jupiter-api-5.8.1.jar:/Users/denisc/.m2/repository/org/opentest4j/opentest4j/1.2.0/opentest4j-1.2.0.jar:/Users/denisc/.m2/repository/org/junit/platform/junit-platform-commons/1.8.1/junit-platform-commons-1.8.1.jar:/Users/denisc/.m2/repository/org/apiguardian/apiguardian-api/1.1.2/apiguardian-api-1.1.2.jar:/Users/denisc/.m2/repository/org/junit/jupiter/junit-jupiter-params/5.8.1/junit-jupiter-params-5.8.1.jar:/Users/denisc/.m2/repository/org/junit/jupiter/junit-jupiter-engine/5.8.1/junit-jupiter-engine-5.8.1.jar:/Users/denisc/.m2/repository/org/junit/platform/junit-platform-engine/1.8.1/junit-platform-engine-1.8.1.jar:/Users/denisc/.m2/repository/org/mockito/mockito-core/4.0.0/mockito-core-4.0.0.jar:/Users/denisc/.m2/repository/net/bytebuddy/byte-buddy/1.11.22/byte-buddy-1.11.22.jar:/Users/denisc/.m2/repository/net/bytebuddy/byte-buddy-agent/1.11.22/byte-buddy-agent-1.11.22.jar:/Users/denisc/.m2/repository/org/objenesis/objenesis/3.2/objenesis-3.2.jar:/Users/denisc/.m2/repository/org/mockito/mockito-junit-jupiter/4.0.0/mockito-junit-jupiter-4.0.0.jar:/Users/denisc/.m2/repository/org/skyscreamer/jsonassert/1.5.0/jsonassert-1.5.0.jar:/Users/denisc/.m2/repository/com/vaadin/external/google/android-json/0.0.20131108.vaadin1/android-json-0.0.20131108.vaadin1.jar:/Users/denisc/.m2/repository/org/springframework/spring-test/5.3.13/spring-test-5.3.13.jar:/Users/denisc/.m2/repository/org/xmlunit/xmlunit-core/2.8.3/xmlunit-core-2.8.3.jar:/Users/denisc/.m2/repository/org/camunda/bpm/springboot/camunda-bpm-spring-boot-starter-webapp/7.16.0/camunda-bpm-spring-boot-starter-webapp-7.16.0.jar:/Users/denisc/.m2/repository/org/camunda/bpm/springboot/camunda-bpm-spring-boot-starter-webapp-core/7.16.0/camunda-bpm-spring-boot-starter-webapp-core-7.16.0.jar:/Users/denisc/.m2/repository/org/camunda/bpm/springboot/camunda-bpm-spring-boot-starter/7.16.0/camunda-bpm-spring-boot-starter-7.16.0.jar:/Users/denisc/.m2/repository/org/camunda/bpm/camunda-engine-spring/7.16.0/camunda-engine-spring-7.16.0.jar:/Users/denisc/.m2/repository/org/camunda/bpm/camunda-engine/7.16.0/camunda-engine-7.16.0.jar:/Users/denisc/.m2/repository/org/camunda/bpm/model/camunda-bpmn-model/7.16.0/camunda-bpmn-model-7.16.0.jar:/Users/denisc/.m2/repository/org/camunda/bpm/model/camunda-xml-model/7.16.0/camunda-xml-model-7.16.0.jar:/Users/denisc/.m2/repository/org/camunda/bpm/model/camunda-cmmn-model/7.16.0/camunda-cmmn-model-7.16.0.jar:/Users/denisc/.m2/repository/org/camunda/bpm/dmn/camunda-engine-dmn/7.16.0/camunda-engine-dmn-7.16.0.jar:/Users/denisc/.m2/repository/org/camunda/commons/camunda-commons-utils/1.10.0/camunda-commons-utils-1.10.0.jar:/Users/denisc/.m2/repository/org/camunda/bpm/model/camunda-dmn-model/7.16.0/camunda-dmn-model-7.16.0.jar:/Users/denisc/.m2/repository/org/camunda/bpm/dmn/camunda-engine-feel-api/7.16.0/camunda-engine-feel-api-7.16.0.jar:/Users/denisc/.m2/repository/org/camunda/bpm/dmn/camunda-engine-feel-juel/7.16.0/camunda-engine-feel-juel-7.16.0.jar:/Users/denisc/.m2/repository/org/camunda/bpm/dmn/camunda-engine-feel-scala/7.16.0/camunda-engine-feel-scala-7.16.0.jar:/Users/denisc/.m2/repository/org/camunda/feel/feel-engine/1.13.1/feel-engine-1.13.1-scala-shaded.jar:/Users/denisc/.m2/repository/org/camunda/commons/camunda-commons-logging/1.10.0/camunda-commons-logging-1.10.0.jar:/Users/denisc/.m2/repository/org/camunda/commons/camunda-commons-typed-values/7.16.0/camunda-commons-typed-values-7.16.0.jar:/Users/denisc/.m2/repository/org/mybatis/mybatis/3.5.6/mybatis-3.5.6.jar:/Users/denisc/.m2/repository/joda-time/joda-time/2.1/joda-time-2.1.jar:/Users/denisc/.m2/repository/org/camunda/connect/camunda-connect-core/1.5.2/camunda-connect-core-1.5.2.jar:/Users/denisc/.m2/repository/org/camunda/connect/camunda-connect-connectors-all/1.5.2/camunda-connect-connectors-all-1.5.2.jar:/Users/denisc/.m2/repository/org/springframework/spring-jdbc/5.3.13/spring-jdbc-5.3.13.jar:/Users/denisc/.m2/repository/org/springframework/spring-tx/5.3.13/spring-tx-5.3.13.jar:/Users/denisc/.m2/repository/org/springframework/spring-orm/5.3.13/spring-orm-5.3.13.jar:/Users/denisc/.m2/repository/org/apache/commons/commons-lang3/3.12.0/commons-lang3-3.12.0.jar:/Users/denisc/.m2/repository/com/fasterxml/uuid/java-uuid-generator/3.2.0/java-uuid-generator-3.2.0.jar:/Users/denisc/.m2/repository/org/camunda/bpm/webapp/camunda-webapp/7.16.0/camunda-webapp-7.16.0-classes.jar:/Users/denisc/.m2/repository/org/camunda/bpm/camunda-engine-rest-jaxrs2/7.16.0/camunda-engine-rest-jaxrs2-7.16.0.jar:/Users/denisc/.m2/repository/commons-fileupload/commons-fileupload/1.4/commons-fileupload-1.4.jar:/Users/denisc/.m2/repository/commons-io/commons-io/2.8.0/commons-io-2.8.0.jar:/Users/denisc/.m2/repository/com/fasterxml/jackson/jaxrs/jackson-jaxrs-json-provider/2.13.0/jackson-jaxrs-json-provider-2.13.0.jar:/Users/denisc/.m2/repository/com/fasterxml/jackson/jaxrs/jackson-jaxrs-base/2.13.0/jackson-jaxrs-base-2.13.0.jar:/Users/denisc/.m2/repository/com/fasterxml/jackson/module/jackson-module-jaxb-annotations/2.13.0/jackson-module-jaxb-annotations-2.13.0.jar:/Users/denisc/.m2/repository/com/fasterxml/jackson/core/jackson-databind/2.13.0/jackson-databind-2.13.0.jar:/Users/denisc/.m2/repository/com/fasterxml/jackson/core/jackson-annotations/2.13.0/jackson-annotations-2.13.0.jar:/Users/denisc/.m2/repository/com/fasterxml/jackson/core/jackson-core/2.13.0/jackson-core-2.13.0.jar:/Users/denisc/.m2/repository/org/springframework/boot/spring-boot-starter-web/2.6.1/spring-boot-starter-web-2.6.1.jar:/Users/denisc/.m2/repository/org/springframework/boot/spring-boot-starter-json/2.6.1/spring-boot-starter-json-2.6.1.jar:/Users/denisc/.m2/repository/com/fasterxml/jackson/datatype/jackson-datatype-jdk8/2.13.0/jackson-datatype-jdk8-2.13.0.jar:/Users/denisc/.m2/repository/com/fasterxml/jackson/datatype/jackson-datatype-jsr310/2.13.0/jackson-datatype-jsr310-2.13.0.jar:/Users/denisc/.m2/repository/com/fasterxml/jackson/module/jackson-module-parameter-names/2.13.0/jackson-module-parameter-names-2.13.0.jar:/Users/denisc/.m2/repository/org/springframework/boot/spring-boot-starter-tomcat/2.6.1/spring-boot-starter-tomcat-2.6.1.jar:/Users/denisc/.m2/repository/org/apache/tomcat/embed/tomcat-embed-core/9.0.55/tomcat-embed-core-9.0.55.jar:/Users/denisc/.m2/repository/org/apache/tomcat/embed/tomcat-embed-el/9.0.55/tomcat-embed-el-9.0.55.jar:/Users/denisc/.m2/repository/org/apache/tomcat/embed/tomcat-embed-websocket/9.0.55/tomcat-embed-websocket-9.0.55.jar:/Users/denisc/.m2/repository/org/springframework/spring-web/5.3.13/spring-web-5.3.13.jar:/Users/denisc/.m2/repository/org/springframework/spring-webmvc/5.3.13/spring-webmvc-5.3.13.jar:/Users/denisc/.m2/repository/org/springframework/boot/spring-boot-starter-jersey/2.6.1/spring-boot-starter-jersey-2.6.1.jar:/Users/denisc/.m2/repository/org/springframework/boot/spring-boot-starter-validation/2.6.1/spring-boot-starter-validation-2.6.1.jar:/Users/denisc/.m2/repository/org/hibernate/validator/hibernate-validator/6.2.0.Final/hibernate-validator-6.2.0.Final.jar:/Users/denisc/.m2/repository/org/jboss/logging/jboss-logging/3.4.2.Final/jboss-logging-3.4.2.Final.jar:/Users/denisc/.m2/repository/com/fasterxml/classmate/1.5.1/classmate-1.5.1.jar:/Users/denisc/.m2/repository/org/glassfish/jersey/core/jersey-server/2.35/jersey-server-2.35.jar:/Users/denisc/.m2/repository/org/glassfish/jersey/core/jersey-common/2.35/jersey-common-2.35.jar:/Users/denisc/.m2/repository/org/glassfish/hk2/osgi-resource-locator/1.0.3/osgi-resource-locator-1.0.3.jar:/Users/denisc/.m2/repository/org/glassfish/jersey/core/jersey-client/2.35/jersey-client-2.35.jar:/Users/denisc/.m2/repository/jakarta/ws/rs/jakarta.ws.rs-api/2.1.6/jakarta.ws.rs-api-2.1.6.jar:/Users/denisc/.m2/repository/org/glassfish/hk2/external/jakarta.inject/2.6.1/jakarta.inject-2.6.1.jar:/Users/denisc/.m2/repository/jakarta/validation/jakarta.validation-api/2.0.2/jakarta.validation-api-2.0.2.jar:/Users/denisc/.m2/repository/org/glassfish/jersey/containers/jersey-container-servlet-core/2.35/jersey-container-servlet-core-2.35.jar:/Users/denisc/.m2/repository/org/glassfish/jersey/containers/jersey-container-servlet/2.35/jersey-container-servlet-2.35.jar:/Users/denisc/.m2/repository/org/glassfish/jersey/ext/jersey-bean-validation/2.35/jersey-bean-validation-2.35.jar:/Users/denisc/.m2/repository/org/glassfish/jersey/ext/jersey-spring5/2.35/jersey-spring5-2.35.jar:/Users/denisc/.m2/repository/org/glassfish/jersey/inject/jersey-hk2/2.35/jersey-hk2-2.35.jar:/Users/denisc/.m2/repository/org/glassfish/hk2/hk2-locator/2.6.1/hk2-locator-2.6.1.jar:/Users/denisc/.m2/repository/org/glassfish/hk2/external/aopalliance-repackaged/2.6.1/aopalliance-repackaged-2.6.1.jar:/Users/denisc/.m2/repository/org/javassist/javassist/3.25.0-GA/javassist-3.25.0-GA.jar:/Users/denisc/.m2/repository/org/glassfish/hk2/hk2/2.6.1/hk2-2.6.1.jar:/Users/denisc/.m2/repository/org/glassfish/hk2/hk2-utils/2.6.1/hk2-utils-2.6.1.jar:/Users/denisc/.m2/repository/org/glassfish/hk2/hk2-api/2.6.1/hk2-api-2.6.1.jar:/Users/denisc/.m2/repository/org/glassfish/hk2/hk2-core/2.6.1/hk2-core-2.6.1.jar:/Users/denisc/.m2/repository/org/glassfish/hk2/hk2-runlevel/2.6.1/hk2-runlevel-2.6.1.jar:/Users/denisc/.m2/repository/org/glassfish/hk2/class-model/2.6.1/class-model-2.6.1.jar:/Users/denisc/.m2/repository/org/ow2/asm/asm-analysis/7.1/asm-analysis-7.1.jar:/Users/denisc/.m2/repository/org/ow2/asm/asm-commons/7.1/asm-commons-7.1.jar:/Users/denisc/.m2/repository/org/ow2/asm/asm-tree/7.1/asm-tree-7.1.jar:/Users/denisc/.m2/repository/org/ow2/asm/asm-util/7.1/asm-util-7.1.jar:/Users/denisc/.m2/repository/org/glassfish/hk2/spring-bridge/2.6.1/spring-bridge-2.6.1.jar:/Users/denisc/.m2/repository/org/glassfish/jersey/media/jersey-media-json-jackson/2.35/jersey-media-json-jackson-2.35.jar:/Users/denisc/.m2/repository/org/glassfish/jersey/ext/jersey-entity-filtering/2.35/jersey-entity-filtering-2.35.jar:/Users/denisc/.m2/repository/org/camunda/bpm/webapp/camunda-webapp-webjar/7.16.0/camunda-webapp-webjar-7.16.0.jar:/Users/denisc/.m2/repository/com/h2database/h2/1.4.200/h2-1.4.200.jar:/Users/denisc/.m2/repository/com/sun/xml/bind/jaxb-impl/2.3.5/jaxb-impl-2.3.5.jar:/Users/denisc/.m2/repository/com/sun/activation/jakarta.activation/1.2.2/jakarta.activation-1.2.2.jar:"/>
    <property name="sun.cpu.endian" value="little"/>
    <property name="user.home" value="/Users/denisc"/>
    <property name="user.language" value="en"/>
    <property name="java.specification.vendor" value="Oracle Corporation"/>
    <property name="java.version.date" value="2021-01-19"/>
    <property name="java.home" value="/usr/local/Cellar/openjdk@11/11.0.10/libexec/openjdk.jdk/Contents/Home"/>
    <property name="file.separator" value="/"/>
    <property name="basedir" value="/Users/denisc/Downloads/camunda"/>
    <property name="java.vm.compressedOopsMode" value="Zero based"/>
    <property name="line.separator" value="&#10;"/>
    <property name="java.specification.name" value="Java Platform API Specification"/>
    <property name="java.vm.specification.vendor" value="Oracle Corporation"/>
    <property name="java.awt.graphicsenv" value="sun.awt.CGraphicsEnvironment"/>
    <property name="surefire.real.class.path" value="/Users/denisc/Downloads/camunda/target/surefire/surefirebooter17621571320054837051.jar"/>
    <property name="sun.management.compiler" value="HotSpot 64-Bit Tiered Compilers"/>
    <property name="java.runtime.version" value="11.0.10+9"/>
    <property name="user.name" value="denisc"/>
    <property name="path.separator" value=":"/>
    <property name="os.version" value="11.6"/>
    <property name="java.runtime.name" value="OpenJDK Runtime Environment"/>
    <property name="file.encoding" value="UTF-8"/>
    <property name="java.vm.name" value="OpenJDK 64-Bit Server VM"/>
    <property name="localRepository" value="/Users/denisc/.m2/repository"/>
    <property name="java.vendor.url.bug" value="https://bugreport.java.com/bugreport/"/>
    <property name="java.io.tmpdir" value="/var/folders/vh/qt0glmm14j3cwm5dgr1dq2xw0000gq/T/"/>
    <property name="java.version" value="11.0.10"/>
    <property name="user.dir" value="/Users/denisc/Downloads/camunda"/>
    <property name="os.arch" value="x86_64"/>
    <property name="java.vm.specification.name" value="Java Virtual Machine Specification"/>
    <property name="java.awt.printerjob" value="sun.lwawt.macosx.CPrinterJob"/>
    <property name="sun.os.patch.level" value="unknown"/>
    <property name="java.library.path" value="/Users/denisc/Library/Java/Extensions:/Library/Java/Extensions:/Network/Library/Java/Extensions:/System/Library/Java/Extensions:/usr/lib/java:."/>
    <property name="java.vm.info" value="mixed mode"/>
    <property name="java.vendor" value="Oracle Corporation"/>
    <property name="java.vm.version" value="11.0.10+9"/>
    <property name="sun.io.unicode.encoding" value="UnicodeBig"/>
    <property name="java.class.version" value="55.0"/>
  </properties>
  <testcase name="contextLoads" classname="com.example.camunda.CamundaApplicationTests" time="0.238"/>
</testsuite>